{"contracts\\nft_avec_wl.sol":{"l":{"27":3,"28":3,"29":3,"30":3,"31":3,"35":18,"36":2,"38":16,"45":8,"46":23,"47":23,"48":23,"56":1,"57":1,"58":1,"59":1,"65":16,"66":16,"67":1,"69":15,"70":1,"72":14,"73":14,"74":14,"78":6,"79":6,"80":1,"83":5,"84":0,"87":5,"88":2,"91":3,"92":12,"93":12,"94":12,"97":3,"101":0,"102":0,"103":0,"104":0,"109":6,"113":15,"117":15,"121":15,"125":15,"129":15,"133":16,"137":3,"141":1},"path":"C:\\Users\\zakar\\code_workspace\\Nft_Contracts_Full\\721\\contracts\\nft_avec_wl.sol","s":{"1":18,"2":8,"3":1,"4":16,"5":16,"6":15,"7":14,"8":6,"9":6,"10":5,"11":5,"12":3,"13":12,"14":0,"15":0,"16":0,"17":6,"18":15,"19":15,"20":15,"21":15,"22":15,"23":16,"24":3,"25":1},"b":{"1":[2,16],"2":[8,1],"3":[1,1],"4":[16,2],"5":[1,15],"6":[1,14],"7":[1,5],"8":[0,5],"9":[2,3],"10":[0,0],"11":[0,0]},"f":{"1":3,"2":18,"3":8,"4":1,"5":16,"6":6,"7":0,"8":6,"9":15,"10":15,"11":15,"12":15,"13":15,"14":16,"15":3,"16":1},"fnMap":{"1":{"name":"constructor","line":26,"loc":{"start":{"line":20,"column":4},"end":{"line":32,"column":4}}},"2":{"name":"onlyWhitelist","line":34,"loc":{"start":{"line":34,"column":4},"end":{"line":39,"column":4}}},"3":{"name":"addToWhitelist","line":44,"loc":{"start":{"line":41,"column":4},"end":{"line":51,"column":4}}},"4":{"name":"removeFromWhitelist","line":55,"loc":{"start":{"line":53,"column":4},"end":{"line":62,"column":4}}},"5":{"name":"whitelistMint","line":64,"loc":{"start":{"line":64,"column":4},"end":{"line":75,"column":4}}},"6":{"name":"mint","line":77,"loc":{"start":{"line":77,"column":4},"end":{"line":98,"column":4}}},"7":{"name":"withdraw","line":100,"loc":{"start":{"line":100,"column":4},"end":{"line":106,"column":4}}},"8":{"name":"isWhitelisted","line":108,"loc":{"start":{"line":108,"column":4},"end":{"line":110,"column":4}}},"9":{"name":"getURI","line":112,"loc":{"start":{"line":112,"column":4},"end":{"line":114,"column":4}}},"10":{"name":"getPrice","line":116,"loc":{"start":{"line":116,"column":4},"end":{"line":118,"column":4}}},"11":{"name":"getWlPrice","line":120,"loc":{"start":{"line":120,"column":4},"end":{"line":122,"column":4}}},"12":{"name":"getSupply","line":124,"loc":{"start":{"line":124,"column":4},"end":{"line":126,"column":4}}},"13":{"name":"getWlSupply","line":128,"loc":{"start":{"line":128,"column":4},"end":{"line":130,"column":4}}},"14":{"name":"getCounter","line":132,"loc":{"start":{"line":132,"column":4},"end":{"line":134,"column":4}}},"15":{"name":"getWlCounter","line":136,"loc":{"start":{"line":136,"column":4},"end":{"line":138,"column":4}}},"16":{"name":"_baseURI","line":140,"loc":{"start":{"line":140,"column":4},"end":{"line":142,"column":4}}}},"statementMap":{"1":{"start":{"line":35,"column":8},"end":{"line":35,"column":1049}},"2":{"start":{"line":45,"column":8},"end":{"line":45,"column":1330}},"3":{"start":{"line":56,"column":8},"end":{"line":56,"column":1624}},"4":{"start":{"line":65,"column":8},"end":{"line":65,"column":38}},"5":{"start":{"line":66,"column":8},"end":{"line":66,"column":1914}},"6":{"start":{"line":69,"column":8},"end":{"line":69,"column":2022}},"7":{"start":{"line":72,"column":8},"end":{"line":72,"column":35}},"8":{"start":{"line":78,"column":8},"end":{"line":78,"column":57}},"9":{"start":{"line":79,"column":8},"end":{"line":79,"column":2361}},"10":{"start":{"line":83,"column":8},"end":{"line":83,"column":2456}},"11":{"start":{"line":87,"column":8},"end":{"line":87,"column":2572}},"12":{"start":{"line":91,"column":8},"end":{"line":91,"column":2685}},"13":{"start":{"line":92,"column":12},"end":{"line":92,"column":43}},"14":{"start":{"line":101,"column":8},"end":{"line":101,"column":46}},"15":{"start":{"line":102,"column":8},"end":{"line":102,"column":60}},"16":{"start":{"line":103,"column":8},"end":{"line":103,"column":3057}},"17":{"start":{"line":109,"column":8},"end":{"line":109,"column":33}},"18":{"start":{"line":113,"column":8},"end":{"line":113,"column":22}},"19":{"start":{"line":117,"column":8},"end":{"line":117,"column":22}},"20":{"start":{"line":121,"column":8},"end":{"line":121,"column":31}},"21":{"start":{"line":125,"column":8},"end":{"line":125,"column":28}},"22":{"start":{"line":129,"column":8},"end":{"line":129,"column":32}},"23":{"start":{"line":133,"column":8},"end":{"line":133,"column":24}},"24":{"start":{"line":137,"column":8},"end":{"line":137,"column":25}},"25":{"start":{"line":141,"column":8},"end":{"line":141,"column":22}}},"branchMap":{"1":{"line":35,"type":"if","locations":[{"start":{"line":35,"column":8},"end":{"line":35,"column":8}},{"start":{"line":35,"column":8},"end":{"line":35,"column":8}}]},"2":{"line":44,"type":"if","locations":[{"start":{"line":44,"column":15},"end":{"line":44,"column":15}},{"start":{"line":44,"column":15},"end":{"line":44,"column":15}}]},"3":{"line":55,"type":"if","locations":[{"start":{"line":55,"column":15},"end":{"line":55,"column":15}},{"start":{"line":55,"column":15},"end":{"line":55,"column":15}}]},"4":{"line":64,"type":"if","locations":[{"start":{"line":64,"column":44},"end":{"line":64,"column":44}},{"start":{"line":64,"column":44},"end":{"line":64,"column":44}}]},"5":{"line":66,"type":"if","locations":[{"start":{"line":66,"column":8},"end":{"line":66,"column":8}},{"start":{"line":66,"column":8},"end":{"line":66,"column":8}}]},"6":{"line":69,"type":"if","locations":[{"start":{"line":69,"column":8},"end":{"line":69,"column":8}},{"start":{"line":69,"column":8},"end":{"line":69,"column":8}}]},"7":{"line":79,"type":"if","locations":[{"start":{"line":79,"column":8},"end":{"line":79,"column":8}},{"start":{"line":79,"column":8},"end":{"line":79,"column":8}}]},"8":{"line":83,"type":"if","locations":[{"start":{"line":83,"column":8},"end":{"line":83,"column":8}},{"start":{"line":83,"column":8},"end":{"line":83,"column":8}}]},"9":{"line":87,"type":"if","locations":[{"start":{"line":87,"column":8},"end":{"line":87,"column":8}},{"start":{"line":87,"column":8},"end":{"line":87,"column":8}}]},"10":{"line":100,"type":"if","locations":[{"start":{"line":100,"column":39},"end":{"line":100,"column":39}},{"start":{"line":100,"column":39},"end":{"line":100,"column":39}}]},"11":{"line":103,"type":"if","locations":[{"start":{"line":103,"column":8},"end":{"line":103,"column":8}},{"start":{"line":103,"column":8},"end":{"line":103,"column":8}}]}}},"contracts\\Nft_sans_wl.sol":{"l":{"20":0,"21":0,"22":0,"26":0,"27":0,"28":0,"30":0,"31":0,"34":0,"35":0,"38":0,"41":0,"42":0,"44":0,"46":0,"48":0,"49":0,"52":0,"56":0,"57":0,"58":0,"59":0,"64":0,"68":0,"72":0,"76":0,"80":0},"path":"C:\\Users\\zakar\\code_workspace\\Nft_Contracts_Full\\721\\contracts\\Nft_sans_wl.sol","s":{"1":0,"2":0,"3":0,"4":0,"5":0,"6":0,"7":0,"8":0,"9":0,"10":0,"11":0,"12":0,"13":0,"14":0},"b":{"1":[0,0],"2":[0,0],"3":[0,0],"4":[0,0],"5":[0,0]},"f":{"1":0,"2":0,"3":0,"4":0,"5":0,"6":0,"7":0,"8":0},"fnMap":{"1":{"name":"constructor","line":19,"loc":{"start":{"line":15,"column":4},"end":{"line":23,"column":4}}},"2":{"name":"mint","line":25,"loc":{"start":{"line":25,"column":4},"end":{"line":53,"column":4}}},"3":{"name":"withdraw","line":55,"loc":{"start":{"line":55,"column":4},"end":{"line":61,"column":4}}},"4":{"name":"getURI","line":63,"loc":{"start":{"line":63,"column":4},"end":{"line":65,"column":4}}},"5":{"name":"getPrice","line":67,"loc":{"start":{"line":67,"column":4},"end":{"line":69,"column":4}}},"6":{"name":"getSupply","line":71,"loc":{"start":{"line":71,"column":4},"end":{"line":73,"column":4}}},"7":{"name":"getCounter","line":75,"loc":{"start":{"line":75,"column":4},"end":{"line":77,"column":4}}},"8":{"name":"_baseURI","line":79,"loc":{"start":{"line":79,"column":4},"end":{"line":81,"column":4}}}},"statementMap":{"1":{"start":{"line":26,"column":8},"end":{"line":26,"column":37}},"2":{"start":{"line":27,"column":8},"end":{"line":27,"column":761}},"3":{"start":{"line":30,"column":8},"end":{"line":30,"column":872}},"4":{"start":{"line":34,"column":8},"end":{"line":34,"column":985}},"5":{"start":{"line":38,"column":8},"end":{"line":38,"column":1080}},"6":{"start":{"line":46,"column":12},"end":{"line":46,"column":60}},"7":{"start":{"line":56,"column":8},"end":{"line":56,"column":46}},"8":{"start":{"line":57,"column":8},"end":{"line":57,"column":60}},"9":{"start":{"line":58,"column":8},"end":{"line":58,"column":1695}},"10":{"start":{"line":64,"column":8},"end":{"line":64,"column":22}},"11":{"start":{"line":68,"column":8},"end":{"line":68,"column":22}},"12":{"start":{"line":72,"column":8},"end":{"line":72,"column":23}},"13":{"start":{"line":76,"column":8},"end":{"line":76,"column":24}},"14":{"start":{"line":80,"column":8},"end":{"line":80,"column":22}}},"branchMap":{"1":{"line":27,"type":"if","locations":[{"start":{"line":27,"column":8},"end":{"line":27,"column":8}},{"start":{"line":27,"column":8},"end":{"line":27,"column":8}}]},"2":{"line":30,"type":"if","locations":[{"start":{"line":30,"column":8},"end":{"line":30,"column":8}},{"start":{"line":30,"column":8},"end":{"line":30,"column":8}}]},"3":{"line":34,"type":"if","locations":[{"start":{"line":34,"column":8},"end":{"line":34,"column":8}},{"start":{"line":34,"column":8},"end":{"line":34,"column":8}}]},"4":{"line":55,"type":"if","locations":[{"start":{"line":55,"column":39},"end":{"line":55,"column":39}},{"start":{"line":55,"column":39},"end":{"line":55,"column":39}}]},"5":{"line":58,"type":"if","locations":[{"start":{"line":58,"column":8},"end":{"line":58,"column":8}},{"start":{"line":58,"column":8},"end":{"line":58,"column":8}}]}}},"contracts\\test.sol":{"l":{"10":0,"11":0,"12":0,"16":0,"20":0,"24":0,"25":0,"29":0,"33":0},"path":"C:\\Users\\zakar\\code_workspace\\Nft_Contracts_Full\\721\\contracts\\test.sol","s":{"1":0,"2":0,"3":0,"4":0,"5":0},"b":{"1":[0,0],"2":[0,0],"3":[0,0],"4":[0,0]},"f":{"1":0,"2":0,"3":0,"4":0},"fnMap":{"1":{"name":"constructor","line":9,"loc":{"start":{"line":9,"column":4},"end":{"line":13,"column":4}}},"2":{"name":"setClaimStartBlock","line":15,"loc":{"start":{"line":15,"column":4},"end":{"line":17,"column":4}}},"3":{"name":"claim","line":19,"loc":{"start":{"line":19,"column":4},"end":{"line":26,"column":4}}},"4":{"name":"onlyOwner","line":28,"loc":{"start":{"line":28,"column":4},"end":{"line":34,"column":4}}}},"statementMap":{"1":{"start":{"line":10,"column":8},"end":{"line":10,"column":44}},"2":{"start":{"line":20,"column":8},"end":{"line":20,"column":530}},"3":{"start":{"line":24,"column":8},"end":{"line":24,"column":74}},"4":{"start":{"line":25,"column":8},"end":{"line":25,"column":44}},"5":{"start":{"line":29,"column":8},"end":{"line":29,"column":817}}},"branchMap":{"1":{"line":15,"type":"if","locations":[{"start":{"line":15,"column":65},"end":{"line":15,"column":65}},{"start":{"line":15,"column":65},"end":{"line":15,"column":65}}]},"2":{"line":20,"type":"if","locations":[{"start":{"line":20,"column":8},"end":{"line":20,"column":8}},{"start":{"line":20,"column":8},"end":{"line":20,"column":8}}]},"3":{"line":24,"type":"if","locations":[{"start":{"line":24,"column":8},"end":{"line":24,"column":8}},{"start":{"line":24,"column":8},"end":{"line":24,"column":8}}]},"4":{"line":29,"type":"if","locations":[{"start":{"line":29,"column":8},"end":{"line":29,"column":8}},{"start":{"line":29,"column":8},"end":{"line":29,"column":8}}]}}}}